[17-Nov-2017 18:47:34 UTC] PHP Parse error:  syntax error, unexpected end of file in /home/ubuntu/workspace/dev/test.php on line 49
[17-Nov-2017 18:47:53 UTC] PHP Warning:  date_modify() expects parameter 1 to be DateTime, string given in /home/ubuntu/workspace/dev/test.php on line 25
[17-Nov-2017 18:47:53 UTC] PHP Stack trace:
[17-Nov-2017 18:47:53 UTC] PHP   1. {main}() /home/ubuntu/workspace/dev/test.php:0
[17-Nov-2017 18:47:53 UTC] PHP   2. getUsersThisMonth() /home/ubuntu/workspace/dev/test.php:14
[17-Nov-2017 18:47:53 UTC] PHP   3. date_modify() /home/ubuntu/workspace/dev/test.php:25
[17-Nov-2017 19:05:01 UTC] PHP Catchable fatal error:  Object of class DateTime could not be converted to string in /home/ubuntu/workspace/dev/test.php on line 27
[17-Nov-2017 19:05:01 UTC] PHP Stack trace:
[17-Nov-2017 19:05:01 UTC] PHP   1. {main}() /home/ubuntu/workspace/dev/test.php:0
[17-Nov-2017 19:05:01 UTC] PHP   2. getUsersThisMonth() /home/ubuntu/workspace/dev/test.php:14
[17-Nov-2017 19:06:08 UTC] PHP Catchable fatal error:  Object of class DateTime could not be converted to string in /home/ubuntu/workspace/dev/test.php on line 27
[17-Nov-2017 19:06:08 UTC] PHP Stack trace:
[17-Nov-2017 19:06:08 UTC] PHP   1. {main}() /home/ubuntu/workspace/dev/test.php:0
[17-Nov-2017 19:06:08 UTC] PHP   2. getUsersThisMonth() /home/ubuntu/workspace/dev/test.php:14
[17-Nov-2017 19:06:12 UTC] PHP Catchable fatal error:  Object of class DateTime could not be converted to string in /home/ubuntu/workspace/dev/test.php on line 27
[17-Nov-2017 19:06:12 UTC] PHP Stack trace:
[17-Nov-2017 19:06:12 UTC] PHP   1. {main}() /home/ubuntu/workspace/dev/test.php:0
[17-Nov-2017 19:06:12 UTC] PHP   2. getUsersThisMonth() /home/ubuntu/workspace/dev/test.php:14
[17-Nov-2017 19:06:32 UTC] PHP Catchable fatal error:  Object of class DateTime could not be converted to string in /home/ubuntu/workspace/dev/test.php on line 27
[17-Nov-2017 19:06:32 UTC] PHP Stack trace:
[17-Nov-2017 19:06:32 UTC] PHP   1. {main}() /home/ubuntu/workspace/dev/test.php:0
[17-Nov-2017 19:06:32 UTC] PHP   2. getUsersThisMonth() /home/ubuntu/workspace/dev/test.php:14
[17-Nov-2017 19:40:50 UTC] PHP Fatal error:  Call to a member function customerCustomerCreate() on a non-object in /home/ubuntu/workspace/dev/test.php on line 57
[17-Nov-2017 19:40:50 UTC] PHP Stack trace:
[17-Nov-2017 19:40:50 UTC] PHP   1. {main}() /home/ubuntu/workspace/dev/test.php:0
[17-Nov-2017 19:40:50 UTC] PHP   2. makeUser() /home/ubuntu/workspace/dev/test.php:19
[17-Nov-2017 19:42:54 UTC] PHP Fatal error:  Uncaught SoapFault exception: [5] Session expired. Try to relogin. in /home/ubuntu/workspace/dev/test.php:57
Stack trace:
#0 /home/ubuntu/workspace/dev/test.php(57): SoapClient->__call('customerCustome...', Array)
#1 /home/ubuntu/workspace/dev/test.php(57): SoapClient->customerCustomerCreate(NULL, Array)
#2 /home/ubuntu/workspace/dev/test.php(19): makeUser()
#3 {main}
  thrown in /home/ubuntu/workspace/dev/test.php on line 57
[17-Nov-2017 19:43:08 UTC] PHP Fatal error:  Uncaught SoapFault exception: [5] Session expired. Try to relogin. in /home/ubuntu/workspace/dev/test.php:57
Stack trace:
#0 /home/ubuntu/workspace/dev/test.php(57): SoapClient->__call('customerCustome...', Array)
#1 /home/ubuntu/workspace/dev/test.php(57): SoapClient->customerCustomerCreate(NULL, Array)
#2 /home/ubuntu/workspace/dev/test.php(19): makeUser()
#3 {main}
  thrown in /home/ubuntu/workspace/dev/test.php on line 57
[17-Nov-2017 19:43:54 UTC] PHP Fatal error:  Uncaught SoapFault exception: [5] Session expired. Try to relogin. in /home/ubuntu/workspace/dev/test.php:57
Stack trace:
#0 /home/ubuntu/workspace/dev/test.php(57): SoapClient->__call('customerCustome...', Array)
#1 /home/ubuntu/workspace/dev/test.php(57): SoapClient->customerCustomerCreate(NULL, Array)
#2 /home/ubuntu/workspace/dev/test.php(19): makeUser()
#3 {main}
  thrown in /home/ubuntu/workspace/dev/test.php on line 57
[17-Nov-2017 19:47:14 UTC] PHP Catchable fatal error:  Object of class stdClass could not be converted to string in /home/ubuntu/workspace/dev/test.php on line 64
[17-Nov-2017 19:47:41 UTC] PHP Catchable fatal error:  Object of class stdClass could not be converted to string in /home/ubuntu/workspace/dev/test.php on line 64
[17-Nov-2017 19:48:18 UTC] PHP Catchable fatal error:  Object of class stdClass could not be converted to string in /home/ubuntu/workspace/dev/test.php on line 64
[17-Nov-2017 19:52:15 UTC] PHP Fatal error:  Uncaught SoapFault exception: [5] Session expired. Try to relogin. in /home/ubuntu/workspace/dev/test.php:57
Stack trace:
#0 /home/ubuntu/workspace/dev/test.php(57): SoapClient->__call('customerCustome...', Array)
#1 /home/ubuntu/workspace/dev/test.php(57): SoapClient->customerCustomerCreate(NULL, Array)
#2 /home/ubuntu/workspace/dev/test.php(19): makeUser()
#3 {main}
  thrown in /home/ubuntu/workspace/dev/test.php on line 57
[17-Nov-2017 19:55:54 UTC] PHP Fatal error:  Uncaught SoapFault exception: [2] Access denied. in /home/ubuntu/workspace/dev/test.php:57
Stack trace:
#0 /home/ubuntu/workspace/dev/test.php(57): SoapClient->__call('customerCustome...', Array)
#1 /home/ubuntu/workspace/dev/test.php(57): SoapClient->customerCustomerCreate('6b7f919fa110741...', Array)
#2 /home/ubuntu/workspace/dev/test.php(19): makeUser()
#3 {main}
  thrown in /home/ubuntu/workspace/dev/test.php on line 57
[17-Nov-2017 19:56:00 UTC] PHP Fatal error:  Uncaught SoapFault exception: [2] Access denied. in /home/ubuntu/workspace/dev/test.php:57
Stack trace:
#0 /home/ubuntu/workspace/dev/test.php(57): SoapClient->__call('customerCustome...', Array)
#1 /home/ubuntu/workspace/dev/test.php(57): SoapClient->customerCustomerCreate('893574869778f4a...', Array)
#2 /home/ubuntu/workspace/dev/test.php(19): makeUser()
#3 {main}
  thrown in /home/ubuntu/workspace/dev/test.php on line 57
[17-Nov-2017 19:57:24 UTC] PHP Fatal error:  Uncaught SoapFault exception: [2] Access denied. in /home/ubuntu/workspace/dev/test.php:57
Stack trace:
#0 /home/ubuntu/workspace/dev/test.php(57): SoapClient->__call('customerCustome...', Array)
#1 /home/ubuntu/workspace/dev/test.php(57): SoapClient->customerCustomerCreate('efb9eba316a5116...', Array)
#2 /home/ubuntu/workspace/dev/test.php(19): makeUser()
#3 {main}
  thrown in /home/ubuntu/workspace/dev/test.php on line 57
[17-Nov-2017 20:00:02 UTC] PHP Fatal error:  Uncaught SoapFault exception: [2] Access denied. in /home/ubuntu/workspace/dev/test.php:57
Stack trace:
#0 /home/ubuntu/workspace/dev/test.php(57): SoapClient->__call('customerCustome...', Array)
#1 /home/ubuntu/workspace/dev/test.php(57): SoapClient->customerCustomerCreate('60db71bbc40af31...', Array)
#2 /home/ubuntu/workspace/dev/test.php(19): makeUser()
#3 {main}
  thrown in /home/ubuntu/workspace/dev/test.php on line 57
[17-Nov-2017 20:03:34 UTC] PHP Fatal error:  Uncaught SoapFault exception: [2] Access denied. in /home/ubuntu/workspace/dev/test.php:58
Stack trace:
#0 /home/ubuntu/workspace/dev/test.php(58): SoapClient->__call('customerCustome...', Array)
#1 /home/ubuntu/workspace/dev/test.php(58): SoapClient->customerCustomerCreate('3bd924b22aed4e9...', Array)
#2 /home/ubuntu/workspace/dev/test.php(19): makeUser()
#3 {main}
  thrown in /home/ubuntu/workspace/dev/test.php on line 58
[17-Nov-2017 20:10:45 UTC] PHP Fatal error:  Uncaught SoapFault exception: [100] This customer email already exists. in /home/ubuntu/workspace/dev/test.php:58
Stack trace:
#0 /home/ubuntu/workspace/dev/test.php(58): SoapClient->__call('customerCustome...', Array)
#1 /home/ubuntu/workspace/dev/test.php(58): SoapClient->customerCustomerCreate('5b8e6270a4a9945...', Array)
#2 /home/ubuntu/workspace/dev/test.php(19): makeUser()
#3 {main}
  thrown in /home/ubuntu/workspace/dev/test.php on line 58
